Started at Sun Jul 28 17:18:15 UTC 2024
Processing CICD_pipeline
Offering CICD_pipeline to Project Build Discarder
Finished at Sun Jul 28 17:18:15 UTC 2024. 41ms
Started at Sun Jul 28 18:18:15 UTC 2024
Processing CICD_pipeline
Offering CICD_pipeline to Project Build Discarder
Finished at Sun Jul 28 18:18:15 UTC 2024. 15ms
Started at Sun Jul 28 19:18:15 UTC 2024
Processing CICD_pipeline
Offering CICD_pipeline to Project Build Discarder
Finished at Sun Jul 28 19:18:15 UTC 2024. 23ms
Started at Sun Jul 28 20:18:15 UTC 2024
Processing CICD_pipeline
Offering CICD_pipeline to Project Build Discarder
Finished at Sun Jul 28 20:18:15 UTC 2024. 15ms
Started at Sun Jul 28 21:18:15 UTC 2024
Processing CICD_pipeline
Offering CICD_pipeline to Project Build Discarder
Finished at Sun Jul 28 21:18:15 UTC 2024. 13ms
Started at Sun Jul 28 22:18:15 UTC 2024
Processing CICD_pipeline
Offering CICD_pipeline to Project Build Discarder
Finished at Sun Jul 28 22:18:15 UTC 2024. 9ms
Started at Sun Jul 28 23:18:15 UTC 2024
Processing CICD_pipeline
Offering CICD_pipeline to Project Build Discarder
Finished at Sun Jul 28 23:18:15 UTC 2024. 19ms
Started at Mon Jul 29 00:18:15 UTC 2024
Processing CICD_pipeline
Offering CICD_pipeline to Project Build Discarder
Finished at Mon Jul 29 00:18:15 UTC 2024. 14ms
Started at Mon Jul 29 01:18:15 UTC 2024
Processing CICD_pipeline
Offering CICD_pipeline to Project Build Discarder
Finished at Mon Jul 29 01:18:15 UTC 2024. 13ms
